TimeQuest Timing Analyzer report for MorseBeacon
Thu Oct 03 00:13:57 2019
Quartus II 32-bit Version 13.0.1 Build 232 06/12/2013 Service Pack 1 SJ Web Edition


---------------------
; Table of Contents ;
---------------------
  1. Legal Notice
  2. TimeQuest Timing Analyzer Summary
  3. Parallel Compilation
  4. SDC File List
  5. Clocks
  6. Slow Model Fmax Summary
  7. Slow Model Setup Summary
  8. Slow Model Hold Summary
  9. Slow Model Recovery Summary
 10. Slow Model Removal Summary
 11. Slow Model Minimum Pulse Width Summary
 12. Slow Model Minimum Pulse Width: 'X0'
 13. Slow Model Minimum Pulse Width: 'X1'
 14. Slow Model Minimum Pulse Width: 'X2'
 15. Slow Model Minimum Pulse Width: 'X3'
 16. Propagation Delay
 17. Minimum Propagation Delay
 18. Fast Model Setup Summary
 19. Fast Model Hold Summary
 20. Fast Model Recovery Summary
 21. Fast Model Removal Summary
 22. Fast Model Minimum Pulse Width Summary
 23. Fast Model Minimum Pulse Width: 'X0'
 24. Fast Model Minimum Pulse Width: 'X1'
 25. Fast Model Minimum Pulse Width: 'X2'
 26. Fast Model Minimum Pulse Width: 'X3'
 27. Propagation Delay
 28. Minimum Propagation Delay
 29. Multicorner Timing Analysis Summary
 30. Progagation Delay
 31. Minimum Progagation Delay
 32. Setup Transfers
 33. Hold Transfers
 34. Report TCCS
 35. Report RSKM
 36. Unconstrained Paths
 37. TimeQuest Timing Analyzer Messages



----------------
; Legal Notice ;
----------------
Copyright (C) 1991-2013 Altera Corporation
Your use of Altera Corporation's design tools, logic functions 
and other software and tools, and its AMPP partner logic 
functions, and any output files from any of the foregoing 
(including device programming or simulation files), and any 
associated documentation or information are expressly subject 
to the terms and conditions of the Altera Program License 
Subscription Agreement, Altera MegaCore Function License 
Agreement, or other applicable license agreement, including, 
without limitation, that your use is for the sole purpose of 
programming logic devices manufactured by Altera and sold by 
Altera or its authorized distributors.  Please refer to the 
applicable agreement for further details.



+----------------------------------------------------------------------------------------+
; TimeQuest Timing Analyzer Summary                                                      ;
+--------------------+-------------------------------------------------------------------+
; Quartus II Version ; Version 13.0.1 Build 232 06/12/2013 Service Pack 1 SJ Web Edition ;
; Revision Name      ; MorseBeacon                                                       ;
; Device Family      ; Cyclone II                                                        ;
; Device Name        ; EP2C35F672C6                                                      ;
; Timing Models      ; Final                                                             ;
; Delay Model        ; Combined                                                          ;
; Rise/Fall Delays   ; Unavailable                                                       ;
+--------------------+-------------------------------------------------------------------+


Parallel compilation was disabled, but you have multiple processors available. Enable parallel compilation to reduce compilation time.
+-------------------------------------+
; Parallel Compilation                ;
+----------------------------+--------+
; Processors                 ; Number ;
+----------------------------+--------+
; Number detected on machine ; 12     ;
; Maximum allowed            ; 1      ;
+----------------------------+--------+


+-------------------------------------------------------------------------+
; SDC File List                                                           ;
+-------------------------------------+--------+--------------------------+
; SDC File Path                       ; Status ; Read at                  ;
+-------------------------------------+--------+--------------------------+
; ../../../Altera Quartus/DCE/DE2.sdc ; OK     ; Thu Oct 03 00:13:57 2019 ;
; MorseBeacon.sdc                     ; OK     ; Thu Oct 03 00:13:57 2019 ;
+-------------------------------------+--------+--------------------------+


+---------------------------------------------------------------------------------------------------------------------------------------------------------------------------------+
; Clocks                                                                                                                                                                          ;
+------------+------+--------+------------+-------+-------+------------+-----------+-------------+-------+--------+-----------+------------+----------+--------+--------+---------+
; Clock Name ; Type ; Period ; Frequency  ; Rise  ; Fall  ; Duty Cycle ; Divide by ; Multiply by ; Phase ; Offset ; Edge List ; Edge Shift ; Inverted ; Master ; Source ; Targets ;
+------------+------+--------+------------+-------+-------+------------+-----------+-------------+-------+--------+-----------+------------+----------+--------+--------+---------+
; X0         ; Base ; 1.000  ; 1000.0 MHz ; 0.000 ; 0.500 ;            ;           ;             ;       ;        ;           ;            ;          ;        ;        ; { X0 }  ;
; X1         ; Base ; 1.000  ; 1000.0 MHz ; 0.000 ; 0.500 ;            ;           ;             ;       ;        ;           ;            ;          ;        ;        ; { X1 }  ;
; X2         ; Base ; 1.000  ; 1000.0 MHz ; 0.000 ; 0.500 ;            ;           ;             ;       ;        ;           ;            ;          ;        ;        ; { X2 }  ;
; X3         ; Base ; 1.000  ; 1000.0 MHz ; 0.000 ; 0.500 ;            ;           ;             ;       ;        ;           ;            ;          ;        ;        ; { X3 }  ;
+------------+------+--------+------------+-------+-------+------------+-----------+-------------+-------+--------+-----------+------------+----------+--------+--------+---------+


---------------------------
; Slow Model Fmax Summary ;
---------------------------
No paths to report.


----------------------------
; Slow Model Setup Summary ;
----------------------------
No paths to report.


---------------------------
; Slow Model Hold Summary ;
---------------------------
No paths to report.


-------------------------------
; Slow Model Recovery Summary ;
-------------------------------
No paths to report.


------------------------------
; Slow Model Removal Summary ;
------------------------------
No paths to report.


+----------------------------------------+
; Slow Model Minimum Pulse Width Summary ;
+-------+--------+-----------------------+
; Clock ; Slack  ; End Point TNS         ;
+-------+--------+-----------------------+
; X0    ; -1.380 ; -1.380                ;
; X1    ; -1.380 ; -1.380                ;
; X2    ; -1.222 ; -1.222                ;
; X3    ; -1.222 ; -1.222                ;
+-------+--------+-----------------------+


+----------------------------------------------------------------------------------+
; Slow Model Minimum Pulse Width: 'X0'                                             ;
+--------+--------------+----------------+-----------+-------+------------+--------+
; Slack  ; Actual Width ; Required Width ; Type      ; Clock ; Clock Edge ; Target ;
+--------+--------------+----------------+-----------+-------+------------+--------+
; -1.380 ; 1.000        ; 2.380          ; Port Rate ; X0    ; Rise       ; X0     ;
+--------+--------------+----------------+-----------+-------+------------+--------+


+----------------------------------------------------------------------------------+
; Slow Model Minimum Pulse Width: 'X1'                                             ;
+--------+--------------+----------------+-----------+-------+------------+--------+
; Slack  ; Actual Width ; Required Width ; Type      ; Clock ; Clock Edge ; Target ;
+--------+--------------+----------------+-----------+-------+------------+--------+
; -1.380 ; 1.000        ; 2.380          ; Port Rate ; X1    ; Rise       ; X1     ;
+--------+--------------+----------------+-----------+-------+------------+--------+


+----------------------------------------------------------------------------------+
; Slow Model Minimum Pulse Width: 'X2'                                             ;
+--------+--------------+----------------+-----------+-------+------------+--------+
; Slack  ; Actual Width ; Required Width ; Type      ; Clock ; Clock Edge ; Target ;
+--------+--------------+----------------+-----------+-------+------------+--------+
; -1.222 ; 1.000        ; 2.222          ; Port Rate ; X2    ; Rise       ; X2     ;
+--------+--------------+----------------+-----------+-------+------------+--------+


+----------------------------------------------------------------------------------+
; Slow Model Minimum Pulse Width: 'X3'                                             ;
+--------+--------------+----------------+-----------+-------+------------+--------+
; Slack  ; Actual Width ; Required Width ; Type      ; Clock ; Clock Edge ; Target ;
+--------+--------------+----------------+-----------+-------+------------+--------+
; -1.222 ; 1.000        ; 2.222          ; Port Rate ; X3    ; Rise       ; X3     ;
+--------+--------------+----------------+-----------+-------+------------+--------+


+--------------------------------------------------------------+
; Propagation Delay                                            ;
+------------+-------------+--------+--------+--------+--------+
; Input Port ; Output Port ; RR     ; RF     ; FR     ; FF     ;
+------------+-------------+--------+--------+--------+--------+
; X4         ; Y           ; 10.568 ; 10.568 ; 10.568 ; 10.568 ;
; X5         ; STOP        ; 9.952  ;        ;        ; 9.952  ;
; X5         ; Y           ; 9.980  ;        ;        ; 9.980  ;
+------------+-------------+--------+--------+--------+--------+


+----------------------------------------------------------+
; Minimum Propagation Delay                                ;
+------------+-------------+-------+-------+-------+-------+
; Input Port ; Output Port ; RR    ; RF    ; FR    ; FF    ;
+------------+-------------+-------+-------+-------+-------+
; X4         ; Y           ; 9.604 ; 9.604 ; 9.604 ; 9.604 ;
; X5         ; STOP        ; 9.952 ;       ;       ; 9.952 ;
; X5         ; Y           ; 9.980 ;       ;       ; 9.980 ;
+------------+-------------+-------+-------+-------+-------+


----------------------------
; Fast Model Setup Summary ;
----------------------------
No paths to report.


---------------------------
; Fast Model Hold Summary ;
---------------------------
No paths to report.


-------------------------------
; Fast Model Recovery Summary ;
-------------------------------
No paths to report.


------------------------------
; Fast Model Removal Summary ;
------------------------------
No paths to report.


+----------------------------------------+
; Fast Model Minimum Pulse Width Summary ;
+-------+--------+-----------------------+
; Clock ; Slack  ; End Point TNS         ;
+-------+--------+-----------------------+
; X0    ; -1.380 ; -1.380                ;
; X1    ; -1.380 ; -1.380                ;
; X2    ; -1.222 ; -1.222                ;
; X3    ; -1.222 ; -1.222                ;
+-------+--------+-----------------------+


+----------------------------------------------------------------------------------+
; Fast Model Minimum Pulse Width: 'X0'                                             ;
+--------+--------------+----------------+-----------+-------+------------+--------+
; Slack  ; Actual Width ; Required Width ; Type      ; Clock ; Clock Edge ; Target ;
+--------+--------------+----------------+-----------+-------+------------+--------+
; -1.380 ; 1.000        ; 2.380          ; Port Rate ; X0    ; Rise       ; X0     ;
+--------+--------------+----------------+-----------+-------+------------+--------+


+----------------------------------------------------------------------------------+
; Fast Model Minimum Pulse Width: 'X1'                                             ;
+--------+--------------+----------------+-----------+-------+------------+--------+
; Slack  ; Actual Width ; Required Width ; Type      ; Clock ; Clock Edge ; Target ;
+--------+--------------+----------------+-----------+-------+------------+--------+
; -1.380 ; 1.000        ; 2.380          ; Port Rate ; X1    ; Rise       ; X1     ;
+--------+--------------+----------------+-----------+-------+------------+--------+


+----------------------------------------------------------------------------------+
; Fast Model Minimum Pulse Width: 'X2'                                             ;
+--------+--------------+----------------+-----------+-------+------------+--------+
; Slack  ; Actual Width ; Required Width ; Type      ; Clock ; Clock Edge ; Target ;
+--------+--------------+----------------+-----------+-------+------------+--------+
; -1.222 ; 1.000        ; 2.222          ; Port Rate ; X2    ; Rise       ; X2     ;
+--------+--------------+----------------+-----------+-------+------------+--------+


+----------------------------------------------------------------------------------+
; Fast Model Minimum Pulse Width: 'X3'                                             ;
+--------+--------------+----------------+-----------+-------+------------+--------+
; Slack  ; Actual Width ; Required Width ; Type      ; Clock ; Clock Edge ; Target ;
+--------+--------------+----------------+-----------+-------+------------+--------+
; -1.222 ; 1.000        ; 2.222          ; Port Rate ; X3    ; Rise       ; X3     ;
+--------+--------------+----------------+-----------+-------+------------+--------+


+----------------------------------------------------------+
; Propagation Delay                                        ;
+------------+-------------+-------+-------+-------+-------+
; Input Port ; Output Port ; RR    ; RF    ; FR    ; FF    ;
+------------+-------------+-------+-------+-------+-------+
; X4         ; Y           ; 5.740 ; 5.740 ; 5.740 ; 5.740 ;
; X5         ; STOP        ; 5.527 ;       ;       ; 5.527 ;
; X5         ; Y           ; 5.527 ;       ;       ; 5.527 ;
+------------+-------------+-------+-------+-------+-------+


+----------------------------------------------------------+
; Minimum Propagation Delay                                ;
+------------+-------------+-------+-------+-------+-------+
; Input Port ; Output Port ; RR    ; RF    ; FR    ; FF    ;
+------------+-------------+-------+-------+-------+-------+
; X4         ; Y           ; 5.326 ; 5.326 ; 5.326 ; 5.326 ;
; X5         ; STOP        ; 5.527 ;       ;       ; 5.527 ;
; X5         ; Y           ; 5.527 ;       ;       ; 5.527 ;
+------------+-------------+-------+-------+-------+-------+


+----------------------------------------------------------------------------+
; Multicorner Timing Analysis Summary                                        ;
+------------------+-------+------+----------+---------+---------------------+
; Clock            ; Setup ; Hold ; Recovery ; Removal ; Minimum Pulse Width ;
+------------------+-------+------+----------+---------+---------------------+
; Worst-case Slack ; N/A   ; N/A  ; N/A      ; N/A     ; -1.380              ;
;  X0              ; N/A   ; N/A  ; N/A      ; N/A     ; -1.380              ;
;  X1              ; N/A   ; N/A  ; N/A      ; N/A     ; -1.380              ;
;  X2              ; N/A   ; N/A  ; N/A      ; N/A     ; -1.222              ;
;  X3              ; N/A   ; N/A  ; N/A      ; N/A     ; -1.222              ;
; Design-wide TNS  ; 0.0   ; 0.0  ; 0.0      ; 0.0     ; -5.204              ;
;  X0              ; N/A   ; N/A  ; N/A      ; N/A     ; -1.380              ;
;  X1              ; N/A   ; N/A  ; N/A      ; N/A     ; -1.380              ;
;  X2              ; N/A   ; N/A  ; N/A      ; N/A     ; -1.222              ;
;  X3              ; N/A   ; N/A  ; N/A      ; N/A     ; -1.222              ;
+------------------+-------+------+----------+---------+---------------------+


+--------------------------------------------------------------+
; Progagation Delay                                            ;
+------------+-------------+--------+--------+--------+--------+
; Input Port ; Output Port ; RR     ; RF     ; FR     ; FF     ;
+------------+-------------+--------+--------+--------+--------+
; X4         ; Y           ; 10.568 ; 10.568 ; 10.568 ; 10.568 ;
; X5         ; STOP        ; 9.952  ;        ;        ; 9.952  ;
; X5         ; Y           ; 9.980  ;        ;        ; 9.980  ;
+------------+-------------+--------+--------+--------+--------+


+----------------------------------------------------------+
; Minimum Progagation Delay                                ;
+------------+-------------+-------+-------+-------+-------+
; Input Port ; Output Port ; RR    ; RF    ; FR    ; FF    ;
+------------+-------------+-------+-------+-------+-------+
; X4         ; Y           ; 5.326 ; 5.326 ; 5.326 ; 5.326 ;
; X5         ; STOP        ; 5.527 ;       ;       ; 5.527 ;
; X5         ; Y           ; 5.527 ;       ;       ; 5.527 ;
+------------+-------------+-------+-------+-------+-------+


+-------------------------------------------------------------------+
; Setup Transfers                                                   ;
+------------+----------+----------+----------+----------+----------+
; From Clock ; To Clock ; RR Paths ; FR Paths ; RF Paths ; FF Paths ;
+------------+----------+----------+----------+----------+----------+
; X0         ; X1       ; 4        ; 4        ; 0        ; 0        ;
; X1         ; X1       ; 4        ; 4        ; 0        ; 0        ;
; X2         ; X1       ; 1        ; 1        ; 0        ; 0        ;
; X3         ; X1       ; 4        ; 4        ; 0        ; 0        ;
+------------+----------+----------+----------+----------+----------+
Entries labeled "false path" only account for clock-to-clock false paths and not path-based false paths. As a result, actual path counts may be lower than reported.


+-------------------------------------------------------------------+
; Hold Transfers                                                    ;
+------------+----------+----------+----------+----------+----------+
; From Clock ; To Clock ; RR Paths ; FR Paths ; RF Paths ; FF Paths ;
+------------+----------+----------+----------+----------+----------+
; X0         ; X1       ; 4        ; 4        ; 0        ; 0        ;
; X1         ; X1       ; 4        ; 4        ; 0        ; 0        ;
; X2         ; X1       ; 1        ; 1        ; 0        ; 0        ;
; X3         ; X1       ; 4        ; 4        ; 0        ; 0        ;
+------------+----------+----------+----------+----------+----------+
Entries labeled "false path" only account for clock-to-clock false paths and not path-based false paths. As a result, actual path counts may be lower than reported.


---------------
; Report TCCS ;
---------------
No dedicated SERDES Transmitter circuitry present in device or used in design


---------------
; Report RSKM ;
---------------
No dedicated SERDES Receiver circuitry present in device or used in design


+------------------------------------------------+
; Unconstrained Paths                            ;
+---------------------------------+-------+------+
; Property                        ; Setup ; Hold ;
+---------------------------------+-------+------+
; Illegal Clocks                  ; 0     ; 0    ;
; Unconstrained Clocks            ; 0     ; 0    ;
; Unconstrained Input Ports       ; 0     ; 0    ;
; Unconstrained Input Port Paths  ; 0     ; 0    ;
; Unconstrained Output Ports      ; 0     ; 0    ;
; Unconstrained Output Port Paths ; 0     ; 0    ;
+---------------------------------+-------+------+


+------------------------------------+
; TimeQuest Timing Analyzer Messages ;
+------------------------------------+
Info: *******************************************************************
Info: Running Quartus II 32-bit TimeQuest Timing Analyzer
    Info: Version 13.0.1 Build 232 06/12/2013 Service Pack 1 SJ Web Edition
    Info: Processing started: Thu Oct 03 00:13:56 2019
Info: Command: quartus_sta MorseBeacon -c MorseBeacon
Info: qsta_default_script.tcl version: #1
Warning (20028): Parallel compilation is not licensed and has been disabled
Info (21077): Low junction temperature is 0 degrees C
Info (21077): High junction temperature is 85 degrees C
Info (332104): Reading SDC File: '../../../Altera Quartus/DCE/DE2.sdc'
Warning (332174): Ignored filter at DE2.sdc(27): CLK could not be matched with a port
Warning (332049): Ignored create_clock at DE2.sdc(27): Argument <targets> is an empty collection
    Info (332050): create_clock -name {CLK} -period 20.000 -waveform { 0.000 10.000 } [get_ports {CLK}]
Warning (332174): Ignored filter at DE2.sdc(28): CLOCK_50 could not be matched with a port
Warning (332049): Ignored create_clock at DE2.sdc(28): Argument <targets> is an empty collection
    Info (332050): create_clock -name {CLOCK_50} -period 20.000 -waveform { 0.000 10.000 } [get_ports {CLOCK_50}]
Warning (332174): Ignored filter at DE2.sdc(29): CLOCK_27 could not be matched with a port
Warning (332049): Ignored create_clock at DE2.sdc(29): Argument <targets> is an empty collection
    Info (332050): create_clock -name {CLOCK_27} -period 37.000 -waveform { 0.000 18.500 } [get_ports {CLOCK_27}]
Info (332104): Reading SDC File: 'MorseBeacon.sdc'
Warning (332189): derive_pll_clocks was called multiple times with different options. Repeated calls to derive_pll_clocks do not modify existing clocks.
Warning (332174): Ignored filter at MorseBeacon.sdc(57): << could not be matched with a port
Warning (332174): Ignored filter at MorseBeacon.sdc(57): >> could not be matched with a port
Warning (332174): Ignored filter at MorseBeacon.sdc(57): New could not be matched with a port
Warning (332049): Ignored set_max_delay at MorseBeacon.sdc(57): Argument <from> is an empty collection
    Info (332050): set_max_delay 1.000ns -from [get_ports {<< New >>}] -to [get_ports {<< New >>}]
Warning (332049): Ignored set_max_delay at MorseBeacon.sdc(57): Argument <to> is an empty collection
Info: Found TIMEQUEST_REPORT_SCRIPT_INCLUDE_DEFAULT_ANALYSIS = ON
Info: Analyzing Slow Model
Info (332140): No fmax paths to report
Info (332140): No Setup paths to report
Info (332140): No Hold paths to report
Info (332140): No Recovery paths to report
Info (332140): No Removal paths to report
Critical Warning (332148): Timing requirements not met
Info (332146): Worst-case minimum pulse width slack is -1.380
    Info (332119):     Slack End Point TNS Clock 
    Info (332119): ========= ============= =====================
    Info (332119):    -1.380        -1.380 X0 
    Info (332119):    -1.380        -1.380 X1 
    Info (332119):    -1.222        -1.222 X2 
    Info (332119):    -1.222        -1.222 X3 
Info (332001): The selected device family is not supported by the report_metastability command.
Info: Analyzing Fast Model
Info (332140): No Setup paths to report
Info (332140): No Hold paths to report
Info (332140): No Recovery paths to report
Info (332140): No Removal paths to report
Critical Warning (332148): Timing requirements not met
Info (332146): Worst-case minimum pulse width slack is -1.380
    Info (332119):     Slack End Point TNS Clock 
    Info (332119): ========= ============= =====================
    Info (332119):    -1.380        -1.380 X0 
    Info (332119):    -1.380        -1.380 X1 
    Info (332119):    -1.222        -1.222 X2 
    Info (332119):    -1.222        -1.222 X3 
Info (332001): The selected device family is not supported by the report_metastability command.
Info (332101): Design is fully constrained for setup requirements
Info (332101): Design is fully constrained for hold requirements
Info: Quartus II 32-bit TimeQuest Timing Analyzer was successful. 0 errors, 15 warnings
    Info: Peak virtual memory: 314 megabytes
    Info: Processing ended: Thu Oct 03 00:13:57 2019
    Info: Elapsed time: 00:00:01
    Info: Total CPU time (on all processors): 00:00:01


